<?xml version="1.0" encoding="UTF-8"?>
<!-- Generated by org.testng.reporters.JUnitReportReporter -->
<testsuite hostname="AP-PC21NM4J" failures="0" tests="1" name="com.saucedemo.testCases.LoginTest" time="0.195" errors="0" timestamp="2025-04-26T22:03:38 IST" skipped="0">
  <testcase classname="com.saucedemo.testCases.LoginTest" name="ValidateLogoText" time="0.195"/>
</testsuite> <!-- com.saucedemo.testCases.LoginTest -->
